2025-10-03 11:13:03,020 [INFO] app: INICIANDO SERVIDOR...
2025-10-03 11:13:03,022 [INFO] sqlalchemy.engine.Engine: BEGIN (implicit)
2025-10-03 11:13:03,023 [INFO] sqlalchemy.engine.Engine: PRAGMA main.table_info("rol")
2025-10-03 11:13:03,023 [INFO] sqlalchemy.engine.Engine: [raw sql] ()
2025-10-03 11:13:03,026 [INFO] sqlalchemy.engine.Engine: PRAGMA main.table_info("usuario")
2025-10-03 11:13:03,027 [INFO] sqlalchemy.engine.Engine: [raw sql] ()
2025-10-03 11:13:03,029 [INFO] sqlalchemy.engine.Engine: COMMIT
2025-10-03 11:13:03,033 [INFO] sqlalchemy.engine.Engine: BEGIN (implicit)
2025-10-03 11:13:03,051 [INFO] sqlalchemy.engine.Engine: SELECT usuario.id, usuario.nombre, usuario.username, usuario.email, usuario.password_hash, usuario.activo, usuario.rol_id 
FROM usuario 
WHERE usuario.username = ?
2025-10-03 11:13:03,056 [INFO] sqlalchemy.engine.Engine: [generated in 0.00620s] ('admin',)
2025-10-03 11:13:03,071 [INFO] sqlalchemy.engine.Engine: ROLLBACK
2025-10-03 11:13:48,277 [INFO] app: APAGANDO SERVIDOR...
2025-10-03 11:22:13,104 [INFO] app: INICIANDO SERVIDOR...
2025-10-03 11:22:13,106 [INFO] sqlalchemy.engine.Engine: BEGIN (implicit)
2025-10-03 11:22:13,107 [INFO] sqlalchemy.engine.Engine: PRAGMA main.table_info("rol")
2025-10-03 11:22:13,108 [INFO] sqlalchemy.engine.Engine: [raw sql] ()
2025-10-03 11:22:13,109 [INFO] sqlalchemy.engine.Engine: PRAGMA main.table_info("usuario")
2025-10-03 11:22:13,110 [INFO] sqlalchemy.engine.Engine: [raw sql] ()
2025-10-03 11:22:13,112 [INFO] sqlalchemy.engine.Engine: COMMIT
2025-10-03 11:22:13,115 [INFO] sqlalchemy.engine.Engine: BEGIN (implicit)
2025-10-03 11:22:13,133 [INFO] sqlalchemy.engine.Engine: SELECT usuario.id, usuario.nombre, usuario.username, usuario.email, usuario.password_hash, usuario.activo, usuario.rol_id 
FROM usuario 
WHERE usuario.username = ?
2025-10-03 11:22:13,134 [INFO] sqlalchemy.engine.Engine: [generated in 0.00133s] ('admin',)
2025-10-03 11:22:13,136 [INFO] sqlalchemy.engine.Engine: ROLLBACK
2025-10-03 11:24:22,226 [INFO] app: APAGANDO SERVIDOR...
2025-10-03 11:24:24,880 [INFO] app: INICIANDO SERVIDOR...
2025-10-03 11:24:24,882 [INFO] sqlalchemy.engine.Engine: BEGIN (implicit)
2025-10-03 11:24:24,883 [INFO] sqlalchemy.engine.Engine: PRAGMA main.table_info("rol")
2025-10-03 11:24:24,883 [INFO] sqlalchemy.engine.Engine: [raw sql] ()
2025-10-03 11:24:24,885 [INFO] sqlalchemy.engine.Engine: PRAGMA main.table_info("usuario")
2025-10-03 11:24:24,885 [INFO] sqlalchemy.engine.Engine: [raw sql] ()
2025-10-03 11:24:24,887 [INFO] sqlalchemy.engine.Engine: COMMIT
2025-10-03 11:24:24,889 [INFO] sqlalchemy.engine.Engine: BEGIN (implicit)
2025-10-03 11:24:24,901 [INFO] sqlalchemy.engine.Engine: SELECT usuario.id, usuario.nombre, usuario.username, usuario.email, usuario.password_hash, usuario.activo, usuario.rol_id 
FROM usuario 
WHERE usuario.username = ?
2025-10-03 11:24:24,902 [INFO] sqlalchemy.engine.Engine: [generated in 0.00148s] ('admin',)
2025-10-03 11:24:24,905 [INFO] sqlalchemy.engine.Engine: ROLLBACK
2025-10-03 11:24:28,411 [INFO] app: APAGANDO SERVIDOR...
2025-10-03 11:24:30,493 [INFO] app: INICIANDO SERVIDOR...
2025-10-03 11:24:30,495 [INFO] sqlalchemy.engine.Engine: BEGIN (implicit)
2025-10-03 11:24:30,495 [INFO] sqlalchemy.engine.Engine: PRAGMA main.table_info("rol")
2025-10-03 11:24:30,496 [INFO] sqlalchemy.engine.Engine: [raw sql] ()
2025-10-03 11:24:30,497 [INFO] sqlalchemy.engine.Engine: PRAGMA main.table_info("usuario")
2025-10-03 11:24:30,498 [INFO] sqlalchemy.engine.Engine: [raw sql] ()
2025-10-03 11:24:30,500 [INFO] sqlalchemy.engine.Engine: COMMIT
2025-10-03 11:24:30,502 [INFO] sqlalchemy.engine.Engine: BEGIN (implicit)
2025-10-03 11:24:30,512 [INFO] sqlalchemy.engine.Engine: SELECT usuario.id, usuario.nombre, usuario.username, usuario.email, usuario.password_hash, usuario.activo, usuario.rol_id 
FROM usuario 
WHERE usuario.username = ?
2025-10-03 11:24:30,513 [INFO] sqlalchemy.engine.Engine: [generated in 0.00149s] ('admin',)
2025-10-03 11:24:30,516 [INFO] sqlalchemy.engine.Engine: ROLLBACK
2025-10-03 11:24:33,346 [INFO] app: APAGANDO SERVIDOR...
2025-10-03 11:24:35,702 [INFO] app: INICIANDO SERVIDOR...
2025-10-03 11:24:35,705 [INFO] sqlalchemy.engine.Engine: BEGIN (implicit)
2025-10-03 11:24:35,709 [INFO] sqlalchemy.engine.Engine: PRAGMA main.table_info("rol")
2025-10-03 11:24:35,710 [INFO] sqlalchemy.engine.Engine: [raw sql] ()
2025-10-03 11:24:35,711 [INFO] sqlalchemy.engine.Engine: PRAGMA main.table_info("usuario")
2025-10-03 11:24:35,712 [INFO] sqlalchemy.engine.Engine: [raw sql] ()
2025-10-03 11:24:35,713 [INFO] sqlalchemy.engine.Engine: COMMIT
2025-10-03 11:24:35,715 [INFO] sqlalchemy.engine.Engine: BEGIN (implicit)
2025-10-03 11:24:35,726 [INFO] sqlalchemy.engine.Engine: SELECT usuario.id, usuario.nombre, usuario.username, usuario.email, usuario.password_hash, usuario.activo, usuario.rol_id 
FROM usuario 
WHERE usuario.username = ?
2025-10-03 11:24:35,728 [INFO] sqlalchemy.engine.Engine: [generated in 0.00142s] ('admin',)
2025-10-03 11:24:35,731 [INFO] sqlalchemy.engine.Engine: ROLLBACK
2025-10-03 11:24:42,380 [INFO] app: APAGANDO SERVIDOR...
2025-10-03 11:24:45,600 [INFO] app: INICIANDO SERVIDOR...
2025-10-03 11:24:54,598 [INFO] app: INICIANDO SERVIDOR...
2025-10-03 11:24:54,599 [INFO] app: CREANDO BASE DE DATOS
2025-10-03 11:24:54,600 [INFO] sqlalchemy.engine.Engine: BEGIN (implicit)
2025-10-03 11:24:54,601 [INFO] sqlalchemy.engine.Engine: PRAGMA main.table_info("rol")
2025-10-03 11:24:54,601 [INFO] sqlalchemy.engine.Engine: [raw sql] ()
2025-10-03 11:24:54,605 [INFO] sqlalchemy.engine.Engine: PRAGMA main.table_info("usuario")
2025-10-03 11:24:54,607 [INFO] sqlalchemy.engine.Engine: [raw sql] ()
2025-10-03 11:24:54,609 [INFO] sqlalchemy.engine.Engine: COMMIT
2025-10-03 11:24:54,611 [INFO] sqlalchemy.engine.Engine: BEGIN (implicit)
2025-10-03 11:24:54,625 [INFO] sqlalchemy.engine.Engine: SELECT usuario.id, usuario.nombre, usuario.username, usuario.email, usuario.password_hash, usuario.activo, usuario.rol_id 
FROM usuario 
WHERE usuario.username = ?
2025-10-03 11:24:54,629 [INFO] sqlalchemy.engine.Engine: [generated in 0.00474s] ('admin',)
2025-10-03 11:24:54,631 [INFO] sqlalchemy.engine.Engine: ROLLBACK
2025-10-03 11:24:59,117 [INFO] app: APAGANDO SERVIDOR...
2025-10-03 11:25:01,427 [INFO] app: INICIANDO SERVIDOR...
2025-10-03 11:25:01,428 [INFO] app: CREANDO BASE DE DATOS
2025-10-03 11:25:01,429 [INFO] sqlalchemy.engine.Engine: BEGIN (implicit)
2025-10-03 11:25:01,430 [INFO] sqlalchemy.engine.Engine: PRAGMA main.table_info("rol")
2025-10-03 11:25:01,430 [INFO] sqlalchemy.engine.Engine: [raw sql] ()
2025-10-03 11:25:01,432 [INFO] sqlalchemy.engine.Engine: PRAGMA main.table_info("usuario")
2025-10-03 11:25:01,432 [INFO] sqlalchemy.engine.Engine: [raw sql] ()
2025-10-03 11:25:01,434 [INFO] sqlalchemy.engine.Engine: COMMIT
2025-10-03 11:25:01,435 [INFO] app: CREANDO BASE DE DATOS
2025-10-03 11:25:01,437 [INFO] sqlalchemy.engine.Engine: BEGIN (implicit)
2025-10-03 11:25:01,452 [INFO] sqlalchemy.engine.Engine: SELECT usuario.id, usuario.nombre, usuario.username, usuario.email, usuario.password_hash, usuario.activo, usuario.rol_id 
FROM usuario 
WHERE usuario.username = ?
2025-10-03 11:25:01,453 [INFO] sqlalchemy.engine.Engine: [generated in 0.00127s] ('admin',)
2025-10-03 11:25:01,458 [INFO] sqlalchemy.engine.Engine: ROLLBACK
2025-10-03 11:25:08,383 [INFO] app: APAGANDO SERVIDOR...
2025-10-03 11:25:11,414 [INFO] app: INICIANDO SERVIDOR...
2025-10-03 11:25:11,415 [INFO] app: CREANDO BASE DE DATOS
2025-10-03 11:25:11,417 [INFO] sqlalchemy.engine.Engine: BEGIN (implicit)
2025-10-03 11:25:11,419 [INFO] sqlalchemy.engine.Engine: PRAGMA main.table_info("rol")
2025-10-03 11:25:11,421 [INFO] sqlalchemy.engine.Engine: [raw sql] ()
2025-10-03 11:25:11,432 [INFO] sqlalchemy.engine.Engine: PRAGMA main.table_info("usuario")
2025-10-03 11:25:11,435 [INFO] sqlalchemy.engine.Engine: [raw sql] ()
2025-10-03 11:25:11,448 [INFO] sqlalchemy.engine.Engine: COMMIT
2025-10-03 11:25:11,456 [INFO] app: BASE DE DATOS
2025-10-03 11:25:11,458 [INFO] sqlalchemy.engine.Engine: BEGIN (implicit)
2025-10-03 11:25:11,474 [INFO] sqlalchemy.engine.Engine: SELECT usuario.id, usuario.nombre, usuario.username, usuario.email, usuario.password_hash, usuario.activo, usuario.rol_id 
FROM usuario 
WHERE usuario.username = ?
2025-10-03 11:25:11,477 [INFO] sqlalchemy.engine.Engine: [generated in 0.00396s] ('admin',)
2025-10-03 11:25:11,481 [INFO] sqlalchemy.engine.Engine: ROLLBACK
2025-10-03 11:25:12,142 [INFO] app: APAGANDO SERVIDOR...
2025-10-03 11:25:13,977 [INFO] app: INICIANDO SERVIDOR...
2025-10-03 11:25:13,978 [INFO] app: CREANDO BASE DE DATOS
2025-10-03 11:25:13,980 [INFO] sqlalchemy.engine.Engine: BEGIN (implicit)
2025-10-03 11:25:13,981 [INFO] sqlalchemy.engine.Engine: PRAGMA main.table_info("rol")
2025-10-03 11:25:13,983 [INFO] sqlalchemy.engine.Engine: [raw sql] ()
2025-10-03 11:25:13,985 [INFO] sqlalchemy.engine.Engine: PRAGMA main.table_info("usuario")
2025-10-03 11:25:13,986 [INFO] sqlalchemy.engine.Engine: [raw sql] ()
2025-10-03 11:25:13,987 [INFO] sqlalchemy.engine.Engine: COMMIT
2025-10-03 11:25:13,987 [INFO] app: BASE DE DATOS CREADA
2025-10-03 11:25:13,991 [INFO] sqlalchemy.engine.Engine: BEGIN (implicit)
2025-10-03 11:25:14,004 [INFO] sqlalchemy.engine.Engine: SELECT usuario.id, usuario.nombre, usuario.username, usuario.email, usuario.password_hash, usuario.activo, usuario.rol_id 
FROM usuario 
WHERE usuario.username = ?
2025-10-03 11:25:14,009 [INFO] sqlalchemy.engine.Engine: [generated in 0.00511s] ('admin',)
2025-10-03 11:25:14,012 [INFO] sqlalchemy.engine.Engine: ROLLBACK
2025-10-03 11:27:52,855 [INFO] app: APAGANDO SERVIDOR...
2025-10-03 11:28:55,676 [INFO] app: INICIANDO SERVIDOR...
2025-10-03 11:28:55,677 [INFO] app: CREANDO BASE DE DATOS
2025-10-03 11:28:55,689 [INFO] app: BASE DE DATOS CREADA
2025-10-03 11:29:55,621 [INFO] app: APAGANDO SERVIDOR...
2025-10-03 11:29:57,915 [INFO] app: INICIANDO SERVIDOR...
2025-10-03 11:29:57,916 [INFO] app: CREANDO BASE DE DATOS
2025-10-03 11:29:57,918 [INFO] app: BASE DE DATOS CREADA
2025-10-03 11:30:11,207 [INFO] app: APAGANDO SERVIDOR...
2025-10-03 11:30:14,541 [INFO] app: INICIANDO SERVIDOR...
2025-10-03 11:30:14,541 [INFO] app: CREANDO BASE DE DATOS
2025-10-03 11:30:14,546 [INFO] app: BASE DE DATOS CREADA
2025-10-03 11:30:16,662 [INFO] app: INICIANDO SERVIDOR...
2025-10-03 11:30:16,663 [INFO] app: CREANDO BASE DE DATOS
2025-10-03 11:30:16,667 [INFO] app: BASE DE DATOS CREADA
2025-10-03 11:30:21,146 [INFO] app: APAGANDO SERVIDOR...
2025-10-03 11:30:23,156 [INFO] app: INICIANDO SERVIDOR...
2025-10-03 11:30:23,156 [INFO] app: CREANDO BASE DE DATOS
2025-10-03 11:30:23,159 [INFO] app: BASE DE DATOS CREADA
2025-10-03 11:30:35,398 [INFO] app: APAGANDO SERVIDOR...
2025-10-03 11:30:38,080 [INFO] app: INICIANDO SERVIDOR...
2025-10-03 11:30:38,081 [INFO] app: CREANDO BASE DE DATOS
2025-10-03 11:30:38,084 [INFO] app: BASE DE DATOS CREADA
2025-10-03 11:30:40,992 [INFO] app: INICIANDO SERVIDOR...
2025-10-03 11:30:40,992 [INFO] app: CREANDO BASE DE DATOS
2025-10-03 11:30:40,996 [INFO] app: BASE DE DATOS CREADA
2025-10-03 11:30:44,429 [INFO] app: INICIANDO SERVIDOR...
2025-10-03 11:30:44,430 [INFO] app: CREANDO BASE DE DATOS
2025-10-03 11:30:44,438 [INFO] app: BASE DE DATOS CREADA
2025-10-03 11:30:47,024 [INFO] app: INICIANDO SERVIDOR...
2025-10-03 11:30:47,025 [INFO] app: CREANDO BASE DE DATOS
2025-10-03 11:30:47,029 [INFO] app: BASE DE DATOS CREADA
2025-10-03 11:30:51,741 [INFO] app: APAGANDO SERVIDOR...
2025-10-03 11:30:55,001 [INFO] app: INICIANDO SERVIDOR...
2025-10-03 11:30:55,002 [INFO] app: CREANDO BASE DE DATOS
2025-10-03 11:30:55,005 [INFO] app: BASE DE DATOS CREADA
2025-10-03 11:30:56,507 [INFO] app: APAGANDO SERVIDOR...
2025-10-03 11:31:00,099 [INFO] app: INICIANDO SERVIDOR...
2025-10-03 11:31:00,099 [INFO] app: CREANDO BASE DE DATOS
2025-10-03 11:31:00,102 [INFO] app: BASE DE DATOS CREADA
2025-10-03 11:31:06,660 [INFO] app: APAGANDO SERVIDOR...
2025-10-03 11:31:08,762 [INFO] app: INICIANDO SERVIDOR...
2025-10-03 11:31:08,763 [INFO] app: CREANDO BASE DE DATOS
2025-10-03 11:31:08,767 [INFO] app: BASE DE DATOS CREADA
2025-10-03 11:31:09,983 [INFO] app: APAGANDO SERVIDOR...
2025-10-03 11:31:12,424 [INFO] app: INICIANDO SERVIDOR...
2025-10-03 11:31:12,425 [INFO] app: CREANDO BASE DE DATOS
2025-10-03 11:31:12,430 [INFO] app: BASE DE DATOS CREADA
2025-10-03 11:31:26,665 [INFO] app: APAGANDO SERVIDOR...
2025-10-03 11:31:29,266 [INFO] app: INICIANDO SERVIDOR...
2025-10-03 11:31:29,267 [INFO] app: CREANDO BASE DE DATOS
2025-10-03 11:31:29,272 [INFO] app: BASE DE DATOS CREADA
2025-10-03 11:31:29,290 [INFO] app: 
2025-10-03 11:31:36,415 [INFO] app: APAGANDO SERVIDOR...
2025-10-03 11:31:38,521 [INFO] app: INICIANDO SERVIDOR...
2025-10-03 11:31:38,522 [INFO] app: CREANDO BASE DE DATOS
2025-10-03 11:31:38,526 [INFO] app: BASE DE DATOS CREADA
2025-10-03 11:31:38,540 [INFO] app: USUARIO ADMINISTRADOR EXISTENTE!
2025-10-03 11:31:48,709 [INFO] app: APAGANDO SERVIDOR...
2025-10-03 11:31:52,004 [INFO] app: INICIANDO SERVIDOR...
2025-10-03 11:31:52,005 [INFO] app: CREANDO BASE DE DATOS
2025-10-03 11:31:52,010 [INFO] app: BASE DE DATOS CREADA
2025-10-03 11:31:52,026 [INFO] app: USUARIO ADMINISTRADOR EXISTENTE!
2025-10-03 11:31:57,351 [INFO] app: APAGANDO SERVIDOR...
2025-10-03 11:32:00,715 [INFO] app: INICIANDO SERVIDOR...
2025-10-03 11:32:00,715 [INFO] app: CREANDO BASE DE DATOS
2025-10-03 11:32:00,720 [INFO] app: BASE DE DATOS CREADA
2025-10-03 11:32:00,738 [INFO] app: USUARIO ADMINISTRADOR EXISTENTE!
2025-10-03 11:32:03,982 [INFO] app: INICIANDO SERVIDOR...
2025-10-03 11:32:03,983 [INFO] app: CREANDO BASE DE DATOS
2025-10-03 11:32:03,986 [INFO] app: BASE DE DATOS CREADA
2025-10-03 11:32:03,999 [INFO] app: USUARIO ADMINISTRADOR EXISTENTE!
2025-10-03 11:32:06,551 [INFO] app: INICIANDO SERVIDOR...
2025-10-03 11:32:06,552 [INFO] app: CREANDO BASE DE DATOS
2025-10-03 11:32:06,556 [INFO] app: BASE DE DATOS CREADA
2025-10-03 11:32:06,579 [INFO] app: USUARIO ADMINISTRADOR EXISTENTE!
2025-10-03 11:32:08,936 [INFO] app: INICIANDO SERVIDOR...
2025-10-03 11:32:08,966 [INFO] app: CREANDO BASE DE DATOS
2025-10-03 11:32:08,976 [INFO] app: BASE DE DATOS CREADA
2025-10-03 11:32:08,995 [INFO] app: USUARIO ADMINISTRADOR EXISTENTE!
2025-10-03 11:32:09,771 [INFO] app: APAGANDO SERVIDOR...
2025-10-03 11:32:11,860 [INFO] app: INICIANDO SERVIDOR...
2025-10-03 11:32:11,861 [INFO] app: CREANDO BASE DE DATOS
2025-10-03 11:32:11,863 [INFO] app: BASE DE DATOS CREADA
2025-10-03 11:32:11,872 [INFO] app: USUARIO ADMINISTRADOR EXISTENTE!
2025-10-03 11:32:13,931 [INFO] app: APAGANDO SERVIDOR...
2025-10-03 11:32:20,475 [INFO] app: INICIANDO SERVIDOR...
2025-10-03 11:32:20,475 [INFO] app: CREANDO BASE DE DATOS
2025-10-03 11:32:20,478 [INFO] app: BASE DE DATOS CREADA
2025-10-03 11:32:20,491 [INFO] app: USUARIO ADMINISTRADOR EXISTENTE!
2025-10-03 11:32:28,338 [INFO] app: APAGANDO SERVIDOR...
2025-10-03 11:38:31,738 [INFO] app: INICIANDO SERVIDOR...
2025-10-03 11:38:31,738 [INFO] app: CREANDO BASE DE DATOS
2025-10-03 11:38:31,742 [INFO] app: BASE DE DATOS CREADA
2025-10-03 11:38:31,753 [INFO] app: USUARIO ADMINISTRADOR EXISTENTE!
2025-10-03 11:38:33,711 [INFO] app: APAGANDO SERVIDOR...
2025-10-03 11:38:36,382 [INFO] app: INICIANDO SERVIDOR...
2025-10-03 11:38:36,382 [INFO] app: CREANDO BASE DE DATOS
2025-10-03 11:38:36,385 [INFO] app: BASE DE DATOS CREADA
2025-10-03 11:38:36,399 [INFO] app: USUARIO ADMINISTRADOR EXISTENTE!
2025-10-03 11:38:38,265 [INFO] app: INICIANDO SERVIDOR...
2025-10-03 11:38:38,265 [INFO] app: CREANDO BASE DE DATOS
2025-10-03 11:38:38,269 [INFO] app: BASE DE DATOS CREADA
2025-10-03 11:38:38,285 [INFO] app: USUARIO ADMINISTRADOR EXISTENTE!
2025-10-03 11:38:39,381 [INFO] app: APAGANDO SERVIDOR...
2025-10-03 11:38:42,638 [INFO] app: INICIANDO SERVIDOR...
2025-10-03 11:38:42,639 [INFO] app: CREANDO BASE DE DATOS
2025-10-03 11:38:42,644 [INFO] app: BASE DE DATOS CREADA
2025-10-03 11:38:42,666 [INFO] app: USUARIO ADMINISTRADOR EXISTENTE!
2025-10-03 11:38:43,878 [INFO] app: APAGANDO SERVIDOR...
2025-10-03 11:38:46,730 [INFO] app: INICIANDO SERVIDOR...
2025-10-03 11:38:46,731 [INFO] app: CREANDO BASE DE DATOS
2025-10-03 11:38:46,734 [INFO] app: BASE DE DATOS CREADA
2025-10-03 11:38:46,748 [INFO] app: USUARIO ADMINISTRADOR EXISTENTE!
2025-10-03 11:38:49,286 [INFO] app: APAGANDO SERVIDOR...
2025-10-03 11:38:52,029 [INFO] app: INICIANDO SERVIDOR...
2025-10-03 11:38:52,030 [INFO] app: CREANDO BASE DE DATOS
2025-10-03 11:38:52,033 [INFO] app: BASE DE DATOS CREADA
2025-10-03 11:38:52,080 [INFO] app: USUARIO ADMINISTRADOR EXISTENTE!
2025-10-03 11:39:01,299 [INFO] app: APAGANDO SERVIDOR...
2025-10-03 11:39:04,319 [INFO] app: INICIANDO SERVIDOR...
2025-10-03 11:39:04,319 [INFO] app: CREANDO BASE DE DATOS
2025-10-03 11:39:04,323 [INFO] app: BASE DE DATOS CREADA
2025-10-03 11:39:04,339 [INFO] app: USUARIO ADMINISTRADOR EXISTENTE!
2025-10-03 11:39:05,536 [INFO] app: APAGANDO SERVIDOR...
2025-10-03 11:39:07,683 [INFO] app: INICIANDO SERVIDOR...
2025-10-03 11:39:07,684 [INFO] app: CREANDO BASE DE DATOS
2025-10-03 11:39:07,687 [INFO] app: BASE DE DATOS CREADA
2025-10-03 11:39:07,698 [INFO] app: USUARIO ADMINISTRADOR EXISTENTE!
2025-10-03 11:39:10,770 [INFO] app: APAGANDO SERVIDOR...
2025-10-03 11:39:13,123 [INFO] app: INICIANDO SERVIDOR...
2025-10-03 11:39:13,123 [INFO] app: CREANDO BASE DE DATOS
2025-10-03 11:39:13,127 [INFO] app: BASE DE DATOS CREADA
2025-10-03 11:39:13,137 [INFO] app: USUARIO ADMINISTRADOR EXISTENTE!
2025-10-03 11:39:15,539 [INFO] app: INICIANDO SERVIDOR...
2025-10-03 11:39:15,539 [INFO] app: CREANDO BASE DE DATOS
2025-10-03 11:39:15,544 [INFO] app: BASE DE DATOS CREADA
2025-10-03 11:39:15,560 [INFO] app: USUARIO ADMINISTRADOR EXISTENTE!
2025-10-03 11:39:17,194 [INFO] app: APAGANDO SERVIDOR...
2025-10-03 11:39:19,430 [INFO] app: INICIANDO SERVIDOR...
2025-10-03 11:39:19,430 [INFO] app: CREANDO BASE DE DATOS
2025-10-03 11:39:19,433 [INFO] app: BASE DE DATOS CREADA
2025-10-03 11:39:19,443 [INFO] app: USUARIO ADMINISTRADOR EXISTENTE!
2025-10-03 11:39:50,922 [INFO] app: APAGANDO SERVIDOR...
2025-10-03 11:39:53,518 [INFO] app: INICIANDO SERVIDOR...
2025-10-03 11:39:53,518 [INFO] app: CREANDO BASE DE DATOS
2025-10-03 11:39:53,521 [INFO] app: BASE DE DATOS CREADA
2025-10-03 11:39:53,532 [INFO] app: USUARIO ADMINISTRADOR EXISTENTE!
2025-10-03 11:40:00,625 [INFO] app: APAGANDO SERVIDOR...
2025-10-03 11:40:02,708 [INFO] app: INICIANDO SERVIDOR...
2025-10-03 11:40:02,709 [INFO] app: CREANDO BASE DE DATOS
2025-10-03 11:40:02,712 [INFO] app: BASE DE DATOS CREADA
2025-10-03 11:40:02,723 [INFO] app: USUARIO ADMINISTRADOR EXISTENTE!
2025-10-03 11:40:08,991 [INFO] app: APAGANDO SERVIDOR...
2025-10-03 11:40:11,239 [INFO] app: INICIANDO SERVIDOR...
2025-10-03 11:40:11,250 [INFO] app: CREANDO BASE DE DATOS
2025-10-03 11:40:11,263 [INFO] app: BASE DE DATOS CREADA
2025-10-03 11:40:11,297 [INFO] app: USUARIO ADMINISTRADOR EXISTENTE!
2025-10-03 11:40:13,513 [INFO] app: INICIANDO SERVIDOR...
2025-10-03 11:40:13,513 [INFO] app: CREANDO BASE DE DATOS
2025-10-03 11:40:13,516 [INFO] app: BASE DE DATOS CREADA
2025-10-03 11:40:13,529 [INFO] app: USUARIO ADMINISTRADOR EXISTENTE!
2025-10-03 11:40:20,441 [INFO] app: APAGANDO SERVIDOR...
2025-10-03 11:40:23,481 [INFO] app: INICIANDO SERVIDOR...
2025-10-03 11:40:23,481 [INFO] app: CREANDO BASE DE DATOS
2025-10-03 11:40:23,484 [INFO] app: BASE DE DATOS CREADA
2025-10-03 11:40:23,495 [INFO] app: USUARIO ADMINISTRADOR EXISTENTE!
2025-10-03 11:40:23,829 [INFO] app: APAGANDO SERVIDOR...
2025-10-03 11:40:26,857 [INFO] app: INICIANDO SERVIDOR...
2025-10-03 11:40:26,857 [INFO] app: CREANDO BASE DE DATOS
2025-10-03 11:40:26,860 [INFO] app: BASE DE DATOS CREADA
2025-10-03 11:40:26,871 [INFO] app: USUARIO ADMINISTRADOR EXISTENTE!
2025-10-03 11:40:27,893 [INFO] app: APAGANDO SERVIDOR...
2025-10-03 11:40:30,384 [INFO] app: INICIANDO SERVIDOR...
2025-10-03 11:40:30,385 [INFO] app: CREANDO BASE DE DATOS
2025-10-03 11:40:30,393 [INFO] app: BASE DE DATOS CREADA
2025-10-03 11:40:30,419 [INFO] app: USUARIO ADMINISTRADOR EXISTENTE!
2025-10-03 11:41:39,980 [INFO] app: APAGANDO SERVIDOR...
2025-10-03 11:41:42,979 [INFO] app: INICIANDO SERVIDOR...
2025-10-03 11:41:42,979 [INFO] app: CREANDO BASE DE DATOS
2025-10-03 11:41:42,984 [INFO] app: BASE DE DATOS CREADA
2025-10-03 11:41:43,000 [INFO] app: USUARIO ADMINISTRADOR EXISTENTE!
2025-10-03 11:41:45,744 [INFO] app: APAGANDO SERVIDOR...
2025-10-03 11:41:49,200 [INFO] app: INICIANDO SERVIDOR...
2025-10-03 11:41:49,201 [INFO] app: CREANDO BASE DE DATOS
2025-10-03 11:41:49,205 [INFO] app: BASE DE DATOS CREADA
2025-10-03 11:41:49,215 [INFO] app: USUARIO ADMINISTRADOR EXISTENTE!
2025-10-03 11:41:50,924 [INFO] app: INICIANDO SERVIDOR...
2025-10-03 11:41:50,924 [INFO] app: CREANDO BASE DE DATOS
2025-10-03 11:41:50,927 [INFO] app: BASE DE DATOS CREADA
2025-10-03 11:41:50,941 [INFO] app: USUARIO ADMINISTRADOR EXISTENTE!
2025-10-03 11:41:52,484 [INFO] app: APAGANDO SERVIDOR...
2025-10-03 11:41:55,039 [INFO] app: INICIANDO SERVIDOR...
2025-10-03 11:41:55,041 [INFO] app: CREANDO BASE DE DATOS
2025-10-03 11:41:55,063 [INFO] app: BASE DE DATOS CREADA
2025-10-03 11:41:55,094 [INFO] app: USUARIO ADMINISTRADOR EXISTENTE!
2025-10-03 11:41:57,187 [INFO] app: APAGANDO SERVIDOR...
2025-10-03 11:42:00,734 [INFO] app: INICIANDO SERVIDOR...
2025-10-03 11:42:00,735 [INFO] app: CREANDO BASE DE DATOS
2025-10-03 11:42:00,749 [INFO] app: BASE DE DATOS CREADA
2025-10-03 11:42:00,791 [INFO] app: USUARIO ADMINISTRADOR EXISTENTE!
2025-10-03 11:42:02,668 [INFO] app: APAGANDO SERVIDOR...
2025-10-03 11:42:05,702 [INFO] app: INICIANDO SERVIDOR...
2025-10-03 11:42:05,702 [INFO] app: CREANDO BASE DE DATOS
2025-10-03 11:42:05,707 [INFO] app: BASE DE DATOS CREADA
2025-10-03 11:42:05,724 [INFO] app: USUARIO ADMINISTRADOR EXISTENTE!
2025-10-03 11:42:07,658 [INFO] app: INICIANDO SERVIDOR...
2025-10-03 11:42:07,659 [INFO] app: CREANDO BASE DE DATOS
2025-10-03 11:42:07,666 [INFO] app: BASE DE DATOS CREADA
2025-10-03 11:42:07,691 [INFO] app: USUARIO ADMINISTRADOR EXISTENTE!
2025-10-03 11:42:14,781 [INFO] app: APAGANDO SERVIDOR...
2025-10-03 11:42:17,347 [INFO] app: INICIANDO SERVIDOR...
2025-10-03 11:42:17,348 [INFO] app: CREANDO BASE DE DATOS
2025-10-03 11:42:17,351 [INFO] app: BASE DE DATOS CREADA
2025-10-03 11:42:17,363 [INFO] app: USUARIO ADMINISTRADOR EXISTENTE!
2025-10-03 11:42:19,496 [INFO] app: INICIANDO SERVIDOR...
2025-10-03 11:42:19,496 [INFO] app: CREANDO BASE DE DATOS
2025-10-03 11:42:19,499 [INFO] app: BASE DE DATOS CREADA
2025-10-03 11:42:19,510 [INFO] app: USUARIO ADMINISTRADOR EXISTENTE!
2025-10-03 11:42:28,345 [INFO] app: APAGANDO SERVIDOR...
2025-10-03 11:42:31,320 [INFO] app: INICIANDO SERVIDOR...
2025-10-03 11:42:31,320 [INFO] app: CREANDO BASE DE DATOS
2025-10-03 11:42:31,324 [INFO] app: BASE DE DATOS CREADA
2025-10-03 11:42:31,339 [INFO] app: USUARIO ADMINISTRADOR EXISTENTE!
2025-10-03 11:42:35,181 [INFO] app: APAGANDO SERVIDOR...
2025-10-03 11:42:37,507 [INFO] app: INICIANDO SERVIDOR...
2025-10-03 11:42:37,508 [INFO] app: CREANDO BASE DE DATOS
2025-10-03 11:42:37,510 [INFO] app: BASE DE DATOS CREADA
2025-10-03 11:42:37,523 [INFO] app: USUARIO ADMINISTRADOR EXISTENTE!
2025-10-03 11:44:17,850 [INFO] app: APAGANDO SERVIDOR...
2025-10-03 11:44:19,611 [INFO] app: INICIANDO SERVIDOR...
2025-10-03 11:44:19,612 [INFO] app: CREANDO BASE DE DATOS
2025-10-03 11:44:19,615 [INFO] app: BASE DE DATOS CREADA
2025-10-03 11:44:19,626 [INFO] app: USUARIO ADMINISTRADOR EXISTENTE!
2025-10-03 11:44:28,150 [INFO] app: APAGANDO SERVIDOR...
2025-10-03 11:44:32,352 [INFO] app: INICIANDO SERVIDOR...
2025-10-03 11:44:32,356 [INFO] app: CREANDO BASE DE DATOS
2025-10-03 11:44:32,361 [INFO] app: BASE DE DATOS CREADA
2025-10-03 11:44:32,384 [INFO] app: USUARIO ADMINISTRADOR EXISTENTE!
2025-10-03 11:44:33,368 [INFO] app: APAGANDO SERVIDOR...
2025-10-03 11:44:35,658 [INFO] app: INICIANDO SERVIDOR...
2025-10-03 11:44:35,659 [INFO] app: CREANDO BASE DE DATOS
2025-10-03 11:44:35,664 [INFO] app: BASE DE DATOS CREADA
2025-10-03 11:44:35,701 [INFO] app: USUARIO ADMINISTRADOR EXISTENTE!
2025-10-03 11:44:37,585 [INFO] app: INICIANDO SERVIDOR...
2025-10-03 11:44:37,586 [INFO] app: CREANDO BASE DE DATOS
2025-10-03 11:44:37,589 [INFO] app: BASE DE DATOS CREADA
2025-10-03 11:44:37,602 [INFO] app: USUARIO ADMINISTRADOR EXISTENTE!
2025-10-03 11:45:32,876 [INFO] app: APAGANDO SERVIDOR...
2025-10-03 11:45:35,520 [INFO] app: INICIANDO SERVIDOR...
2025-10-03 11:45:35,521 [INFO] app: CREANDO BASE DE DATOS
2025-10-03 11:45:35,524 [INFO] app: BASE DE DATOS CREADA
2025-10-03 11:45:35,536 [INFO] app: USUARIO ADMINISTRADOR EXISTENTE!
2025-10-03 11:45:49,249 [INFO] app: APAGANDO SERVIDOR...
2025-10-03 11:45:51,599 [INFO] app: INICIANDO SERVIDOR...
2025-10-03 11:45:51,600 [INFO] app: CREANDO BASE DE DATOS
2025-10-03 11:45:51,603 [INFO] app: BASE DE DATOS CREADA
2025-10-03 11:45:51,617 [INFO] app: USUARIO ADMINISTRADOR EXISTENTE!
2025-10-03 11:46:04,436 [INFO] app: APAGANDO SERVIDOR...
2025-10-03 11:46:07,188 [INFO] app: INICIANDO SERVIDOR...
2025-10-03 11:46:07,189 [INFO] app: CREANDO BASE DE DATOS
2025-10-03 11:46:07,191 [INFO] app: BASE DE DATOS CREADA
2025-10-03 11:46:07,202 [INFO] app: USUARIO ADMINISTRADOR EXISTENTE!
2025-10-03 11:46:15,896 [INFO] app: APAGANDO SERVIDOR...
2025-10-03 11:46:18,460 [INFO] app: INICIANDO SERVIDOR...
2025-10-03 11:46:18,460 [INFO] app: CREANDO BASE DE DATOS
2025-10-03 11:46:18,463 [INFO] app: BASE DE DATOS CREADA
2025-10-03 11:46:18,473 [INFO] app: USUARIO ADMINISTRADOR EXISTENTE!
2025-10-03 11:49:12,414 [INFO] app: APAGANDO SERVIDOR...
2025-10-03 11:49:15,102 [INFO] app: INICIANDO SERVIDOR...
2025-10-03 11:49:15,102 [INFO] app: CREANDO BASE DE DATOS
2025-10-03 11:49:15,106 [INFO] app: BASE DE DATOS CREADA
2025-10-03 11:49:15,116 [INFO] app: USUARIO ADMINISTRADOR EXISTENTE!
2025-10-03 11:50:20,137 [INFO] app: APAGANDO SERVIDOR...
2025-10-03 11:50:23,156 [INFO] app: INICIANDO SERVIDOR...
2025-10-03 11:50:23,157 [INFO] app: CREANDO BASE DE DATOS
2025-10-03 11:50:23,160 [INFO] app: BASE DE DATOS CREADA
2025-10-03 11:50:23,171 [INFO] app: USUARIO ADMINISTRADOR EXISTENTE!
2025-10-03 11:50:44,820 [INFO] app: APAGANDO SERVIDOR...
2025-10-03 12:01:56,809 [INFO] app: INICIANDO SERVIDOR...
2025-10-03 12:01:56,809 [INFO] app: CREANDO BASE DE DATOS
2025-10-03 12:01:56,823 [INFO] app: BASE DE DATOS CREADA
2025-10-03 12:02:27,234 [INFO] app: APAGANDO SERVIDOR...
2025-10-03 12:04:22,876 [INFO] app: INICIANDO SERVIDOR...
2025-10-03 12:04:22,876 [INFO] app: CREANDO BASE DE DATOS
2025-10-03 12:04:22,881 [INFO] app: BASE DE DATOS CREADA
2025-10-03 12:04:25,133 [INFO] app: INICIANDO SERVIDOR...
2025-10-03 12:04:25,134 [INFO] app: CREANDO BASE DE DATOS
2025-10-03 12:04:25,138 [INFO] app: BASE DE DATOS CREADA
2025-10-03 12:15:57,274 [INFO] app: APAGANDO SERVIDOR...
2025-10-03 12:16:01,975 [INFO] app: INICIANDO SERVIDOR...
2025-10-03 12:16:01,975 [INFO] app: CREANDO BASE DE DATOS
2025-10-03 12:16:01,981 [INFO] app: BASE DE DATOS CREADA
2025-10-03 12:16:09,465 [INFO] app: APAGANDO SERVIDOR...
2025-10-03 12:16:12,301 [INFO] app: INICIANDO SERVIDOR...
2025-10-03 12:16:12,301 [INFO] app: CREANDO BASE DE DATOS
2025-10-03 12:16:12,308 [INFO] app: BASE DE DATOS CREADA
2025-10-03 12:17:53,751 [INFO] app: APAGANDO SERVIDOR...
2025-10-03 12:18:24,875 [INFO] app: INICIANDO SERVIDOR...
2025-10-03 12:18:24,876 [INFO] app: CREANDO BASE DE DATOS
2025-10-03 12:18:24,911 [INFO] app: BASE DE DATOS CREADA
2025-10-03 12:19:31,149 [INFO] app: APAGANDO SERVIDOR...
2025-10-03 12:29:14,489 [INFO] app: INICIANDO SERVIDOR...
2025-10-03 12:29:14,928 [INFO] app: USUARIO ADMINISTRADOR CREADO CON EXITO!
2025-10-03 12:38:06,938 [INFO] app: APAGANDO SERVIDOR...
